::1 - - [25/Nov/2019:21:50:10 +0000] "GET /api/v1/venue HTTP/1.1" 500 -
::1 - - [25/Nov/2019:21:54:56 +0000] "GET /api/v1/venue HTTP/1.1" 200 59
::1 - - [25/Nov/2019:21:55:22 +0000] "POST /api/v1/venue HTTP/1.1" 401 49
::1 - - [25/Nov/2019:21:55:37 +0000] "POST /api/v1/auth/login HTTP/1.1" 200 312
::1 - - [25/Nov/2019:21:56:42 +0000] "POST /api/v1/venue HTTP/1.1" 201 991
::1 - - [25/Nov/2019:21:56:54 +0000] "GET /api/v1/venue HTTP/1.1" 200 996
::1 - - [27/Nov/2019:09:41:39 +0000] "POST /api/v1/auth/login HTTP/1.1" 200 312
::1 - - [27/Nov/2019:09:56:23 +0000] "POST /api/v1/auth/login HTTP/1.1" 200 312
::1 - - [27/Nov/2019:09:57:18 +0000] "POST /api/v1/auth/login HTTP/1.1" 200 312
::1 - - [27/Nov/2019:09:57:21 +0000] "POST /api/v1/auth/login HTTP/1.1" 200 312
::1 - - [27/Nov/2019:09:57:49 +0000] "POST /api/v1/auth/login HTTP/1.1" 200 312
::1 - - [27/Nov/2019:09:58:26 +0000] "POST /api/v1/auth/login HTTP/1.1" 200 312
::1 - - [27/Nov/2019:10:05:49 +0000] "POST /api/v1/auth/login HTTP/1.1" 200 312
::1 - - [27/Nov/2019:10:12:18 +0000] "POST /api/v1/auth/login HTTP/1.1" 200 312
::1 - - [27/Nov/2019:10:13:22 +0000] "POST /api/v1/auth/login HTTP/1.1" 200 312
::1 - - [27/Nov/2019:10:13:22 +0000] "POST /api/v1/auth/login HTTP/1.1" 200 312 "-" "PostmanRuntime/7.20.1" - 269.409 ms 

::1 - - [27/Nov/2019:10:21:22 +0000] "POST /api/v1/auth/login HTTP/1.1" 200 312 "-" "PostmanRuntime/7.20.1" - 1186.179 ms 

::1 - - [27/Nov/2019:10:21:38 +0000] "POST /api/v1/auth/login HTTP/1.1" 200 312 "-" "PostmanRuntime/7.20.1" - 316.453 ms 

::1 - - [27/Nov/2019:10:26:21 +0000] "POST /api/v1/auth/login HTTP/1.1" 200 312 "-" "PostmanRuntime/7.20.1" - 475.590 ms 

::1 - - [27/Nov/2019:10:28:01 +0000] "POST /api/v1/auth/login HTTP/1.1" 422 930 "-" "PostmanRuntime/7.20.1" - 456.350 ms 

